{
  "stats": {
    "suites": 1,
    "tests": 1,
    "passes": 0,
    "pending": 0,
    "failures": 1,
    "start": "2023-09-14T15:02:05.966Z",
    "end": "2023-09-14T15:02:07.295Z",
    "duration": 1329,
    "testsRegistered": 1,
    "passPercent": 0,
    "pendingPercent": 0,
    "other": 0,
    "hasOther": false,
    "skipped": 0,
    "hasSkipped": false
  },
  "results": [
    {
      "uuid": "9e7f3e5a-a82d-4ff4-8826-2140805222a3",
      "title": "",
      "fullFile": "cypress\\e2e\\apiTest\\deleteProducts.cy.js",
      "file": "cypress\\e2e\\apiTest\\deleteProducts.cy.js",
      "beforeHooks": [],
      "afterHooks": [],
      "tests": [],
      "suites": [
        {
          "uuid": "b73c3b6e-ac88-4756-bfa8-b3ae2f7bc63b",
          "title": "Delete Product",
          "fullFile": "",
          "file": "",
          "beforeHooks": [],
          "afterHooks": [],
          "tests": [
            {
              "title": "Validate user is able to delete existing products",
              "fullTitle": "Delete Product Validate user is able to delete existing products",
              "timedOut": null,
              "duration": 1178,
              "state": "failed",
              "speed": null,
              "pass": false,
              "fail": true,
              "pending": false,
              "context": "{\n  \"title\": \"cypress-mochawesome-reporter-screenshots\",\n  \"value\": [\n    [\n      \"\\\\apiTest\\\\deleteProducts.cy.js\\\\Delete Product -- Validate user is able to delete existing products (failed).png\"\n    ]\n  ]\n}",
              "code": "login(`${loginuser.email}`, `${loginuser.password}`).then(result => {\n  const accessToken = result.access_token; // Access the access_token\n  deleteProduct(accessToken, productId).then(response => {\n    expect(response.status).to.eq(200);\n    cy.logger('apitest', 'Validate user is able to delete products -- Test Passed');\n    cy.logger('apitest', JSON.stringify(response.body, null, 2));\n  });\n});",
              "err": {
                "message": "AssertionError: expected 404 to equal 200",
                "estack": "AssertionError: expected 404 to equal 200\n    at Context.eval (webpack://cypressframework/./cypress/e2e/apiTest/deleteProducts.cy.js:16:47)",
                "diff": "- 404\n+ 200\n"
              },
              "uuid": "79f9b18e-bfa3-460f-9bda-9715e8bef2c4",
              "parentUUID": "b73c3b6e-ac88-4756-bfa8-b3ae2f7bc63b",
              "isHook": false,
              "skipped": false
            }
          ],
          "suites": [],
          "passes": [],
          "failures": [
            "79f9b18e-bfa3-460f-9bda-9715e8bef2c4"
          ],
          "pending": [],
          "skipped": [],
          "duration": 1178,
          "root": false,
          "rootEmpty": false,
          "_timeout": 2000
        }
      ],
      "passes": [],
      "failures": [],
      "pending": [],
      "skipped": [],
      "duration": 0,
      "root": true,
      "rootEmpty": true,
      "_timeout": 2000
    }
  ],
  "meta": {
    "mocha": {
      "version": "7.0.1"
    },
    "mochawesome": {
      "options": {
        "quiet": false,
        "reportFilename": "mochawesome",
        "saveHtml": true,
        "saveJson": true,
        "consoleReporter": "spec",
        "useInlineDiffs": false,
        "code": true
      },
      "version": "7.1.3"
    },
    "marge": {
      "options": {
        "reportDir": "cypress/reports/TestReport",
        "overwrite": false
      },
      "version": "6.2.0"
    }
  }
}