{
  "stats": {
    "suites": 1,
    "tests": 1,
    "passes": 1,
    "pending": 0,
    "failures": 0,
    "start": "2023-09-14T14:59:54.993Z",
    "end": "2023-09-14T15:00:09.456Z",
    "duration": 14463,
    "testsRegistered": 1,
    "passPercent": 100,
    "pendingPercent": 0,
    "other": 0,
    "hasOther": false,
    "skipped": 0,
    "hasSkipped": false
  },
  "results": [
    {
      "uuid": "885c80cd-440f-4128-b561-c7d3b3593adc",
      "title": "",
      "fullFile": "cypress\\e2e\\TestLogin.cy.js",
      "file": "cypress\\e2e\\TestLogin.cy.js",
      "beforeHooks": [],
      "afterHooks": [],
      "tests": [],
      "suites": [
        {
          "uuid": "517e0194-21ef-486e-a255-2f021961da6a",
          "title": "Validate User is Register",
          "fullFile": "",
          "file": "",
          "beforeHooks": [],
          "afterHooks": [],
          "tests": [
            {
              "title": "Verify User is able to login",
              "fullTitle": "Validate User is Register Verify User is able to login",
              "timedOut": null,
              "duration": 10359,
              "state": "passed",
              "speed": "slow",
              "pass": true,
              "fail": false,
              "pending": false,
              "context": null,
              "code": "cy.fixture('Testdata').then(registerUserdata => {\n  const loginobj = new _Login.default();\n  loginobj.clickLogin();\n  loginobj.setUserName(registerUserdata.UserName);\n  loginobj.setPassword(registerUserdata.UserPassword);\n  cy.logger('application', \"Entered User Details-->Login Test\");\n  loginobj.clickLoginbtn();\n  loginobj.verifyLoginSuccessMsg(registerUserdata.loginmsg);\n  cy.logger('application', \"Validated success Login Msg-->Login Test\");\n  const loadTime = Date.now() - startTime;\n  cy.logger('performance', `TotalTime taken to LoginUser: ${loadTime}ms`);\n});",
              "err": {},
              "uuid": "ae46b9be-17ad-4808-aedd-bbd746bd9f0e",
              "parentUUID": "517e0194-21ef-486e-a255-2f021961da6a",
              "isHook": false,
              "skipped": false
            }
          ],
          "suites": [],
          "passes": [
            "ae46b9be-17ad-4808-aedd-bbd746bd9f0e"
          ],
          "failures": [],
          "pending": [],
          "skipped": [],
          "duration": 10359,
          "root": false,
          "rootEmpty": false,
          "_timeout": 2000
        }
      ],
      "passes": [],
      "failures": [],
      "pending": [],
      "skipped": [],
      "duration": 0,
      "root": true,
      "rootEmpty": true,
      "_timeout": 2000
    }
  ],
  "meta": {
    "mocha": {
      "version": "7.0.1"
    },
    "mochawesome": {
      "options": {
        "quiet": false,
        "reportFilename": "mochawesome",
        "saveHtml": true,
        "saveJson": true,
        "consoleReporter": "spec",
        "useInlineDiffs": false,
        "code": true
      },
      "version": "7.1.3"
    },
    "marge": {
      "options": {
        "reportDir": "cypress/reports/TestReport",
        "overwrite": false
      },
      "version": "6.2.0"
    }
  }
}