{
  "stats": {
    "suites": 1,
    "tests": 3,
    "passes": 3,
    "pending": 0,
    "failures": 0,
    "start": "2023-09-14T15:03:24.816Z",
    "end": "2023-09-14T15:03:29.256Z",
    "duration": 4440,
    "testsRegistered": 3,
    "passPercent": 100,
    "pendingPercent": 0,
    "other": 0,
    "hasOther": false,
    "skipped": 0,
    "hasSkipped": false
  },
  "results": [
    {
      "uuid": "e7be2c41-a94f-45b2-9376-5c43fc527a71",
      "title": "",
      "fullFile": "cypress\\e2e\\demo.cy.js",
      "file": "cypress\\e2e\\demo.cy.js",
      "beforeHooks": [],
      "afterHooks": [],
      "tests": [],
      "suites": [
        {
          "uuid": "92908544-bddf-4e19-80b0-ad56c7e59d32",
          "title": "Update",
          "fullFile": "",
          "file": "",
          "beforeHooks": [],
          "afterHooks": [],
          "tests": [
            {
              "title": "Validate user is able to update existing products",
              "fullTitle": "Update Validate user is able to update existing products",
              "timedOut": null,
              "duration": 771,
              "state": "passed",
              "speed": "fast",
              "pass": true,
              "fail": false,
              "pending": false,
              "context": null,
              "code": "login(`${loginuser.email}`, `${loginuser.password}`).then(result => {\n  const accessToken = result.access_token; // Access the access_token\n  updateProduct(payload, accessToken, productId).then(response => {\n    statusCode = response.status; // Set the status code to statusCode\n    expect(statusCode).to.equal(200); // Assert the status code here\n    expect(response.body.quantity).to.eq(payload.quantity);\n    cy.logger('apitest', 'Validate user is able to create new products -- Test Passed');\n    cy.logger('apitest', JSON.stringify(response.body, null, 2));\n  });\n});",
              "err": {},
              "uuid": "bea77327-ef19-4af6-83a1-e2cc66675cbe",
              "parentUUID": "92908544-bddf-4e19-80b0-ad56c7e59d32",
              "isHook": false,
              "skipped": false
            },
            {
              "title": "Second Test: Wait for Status Code 200",
              "fullTitle": "Update Second Test: Wait for Status Code 200",
              "timedOut": null,
              "duration": 3141,
              "state": "passed",
              "speed": "fast",
              "pass": true,
              "fail": false,
              "pending": false,
              "context": null,
              "code": "if (statusCode == 200) {\n  cy.wait(2500);\n  // Now you can use 'statusCode' in your assertions or other tests\n  cy.request({\n    method: 'GET',\n    url: 'https://reqres.in/api/users?page=2'\n  }).then(response => {\n    expect(statusCode).to.equal(200);\n  });\n}",
              "err": {},
              "uuid": "f34945ec-fbf9-439f-989d-b7c5e1c21e75",
              "parentUUID": "92908544-bddf-4e19-80b0-ad56c7e59d32",
              "isHook": false,
              "skipped": false
            },
            {
              "title": "Third Test: Another Test Block",
              "fullTitle": "Update Third Test: Another Test Block",
              "timedOut": null,
              "duration": 140,
              "state": "passed",
              "speed": "fast",
              "pass": true,
              "fail": false,
              "pending": false,
              "context": null,
              "code": "cy.request({\n  method: 'GET',\n  url: 'https://reqres.in/api/users/2'\n}).then(response => {\n  expect(statusCode).to.equal(200);\n});",
              "err": {},
              "uuid": "6b399fe9-50ca-430f-be22-ffac4cd921b8",
              "parentUUID": "92908544-bddf-4e19-80b0-ad56c7e59d32",
              "isHook": false,
              "skipped": false
            }
          ],
          "suites": [],
          "passes": [
            "bea77327-ef19-4af6-83a1-e2cc66675cbe",
            "f34945ec-fbf9-439f-989d-b7c5e1c21e75",
            "6b399fe9-50ca-430f-be22-ffac4cd921b8"
          ],
          "failures": [],
          "pending": [],
          "skipped": [],
          "duration": 4052,
          "root": false,
          "rootEmpty": false,
          "_timeout": 2000
        }
      ],
      "passes": [],
      "failures": [],
      "pending": [],
      "skipped": [],
      "duration": 0,
      "root": true,
      "rootEmpty": true,
      "_timeout": 2000
    }
  ],
  "meta": {
    "mocha": {
      "version": "7.0.1"
    },
    "mochawesome": {
      "options": {
        "quiet": false,
        "reportFilename": "mochawesome",
        "saveHtml": true,
        "saveJson": true,
        "consoleReporter": "spec",
        "useInlineDiffs": false,
        "code": true
      },
      "version": "7.1.3"
    },
    "marge": {
      "options": {
        "reportDir": "cypress/reports/TestReport",
        "overwrite": false
      },
      "version": "6.2.0"
    }
  }
}