{
  "stats": {
    "suites": 1,
    "tests": 2,
    "passes": 2,
    "pending": 0,
    "failures": 0,
    "start": "2023-09-14T15:02:29.367Z",
    "end": "2023-09-14T15:02:30.258Z",
    "duration": 891,
    "testsRegistered": 2,
    "passPercent": 100,
    "pendingPercent": 0,
    "other": 0,
    "hasOther": false,
    "skipped": 0,
    "hasSkipped": false
  },
  "results": [
    {
      "uuid": "d9e18a8e-7435-4f8a-851f-4dfa91c4993b",
      "title": "",
      "fullFile": "cypress\\e2e\\apiTest\\loginUser.cy.js",
      "file": "cypress\\e2e\\apiTest\\loginUser.cy.js",
      "beforeHooks": [],
      "afterHooks": [],
      "tests": [],
      "suites": [
        {
          "uuid": "89941c85-77f7-49ad-aca2-11a5e5688f41",
          "title": "Login to API to get valid access_token",
          "fullFile": "",
          "file": "",
          "beforeHooks": [],
          "afterHooks": [],
          "tests": [
            {
              "title": "login with correct email & password",
              "fullTitle": "Login to API to get valid access_token login with correct email & password",
              "timedOut": null,
              "duration": 385,
              "state": "passed",
              "speed": "fast",
              "pass": true,
              "fail": false,
              "pending": false,
              "context": null,
              "code": "login(`${loginuser.email}`, `${loginuser.password}`).then(result => {\n  // Receive the object containing response and access_token\n  const response = result.response; // Access the entire response object\n  // Assert that the response status code is 200\n  expect(response.status).to.eq(200);\n  // Assert that the response body contains the 'access_token' property\n  expect(response.body).to.have.property('access_token').that.is.not.empty;\n  const responseBodyString = JSON.stringify(response.body, null, 2);\n  cy.logger('apitest', 'Validated login with correct email & password');\n  cy.logger('apitest', response.body.access_token);\n});",
              "err": {},
              "uuid": "403478a3-5666-420b-a2bc-b1f26e6a89b7",
              "parentUUID": "89941c85-77f7-49ad-aca2-11a5e5688f41",
              "isHook": false,
              "skipped": false
            },
            {
              "title": "login with incorrect email & password",
              "fullTitle": "Login to API to get valid access_token login with incorrect email & password",
              "timedOut": null,
              "duration": 250,
              "state": "passed",
              "speed": "fast",
              "pass": true,
              "fail": false,
              "pending": false,
              "context": null,
              "code": "login(`${loginuser.incorrectemail}`, `${loginuser.password}`).then(result => {\n  // Receive the object containing response and access_token\n  const response = result.response; // Access the entire response object\n  // Assert that the response status code is 200\n  expect(response.status).to.eq(401);\n  // Assert that the response body contains the 'access_token' property\n  expect(response.body.message).to.eq('Incorrect email or password');\n});",
              "err": {},
              "uuid": "5b980c4e-e11b-46fb-88b5-70881f1a7a22",
              "parentUUID": "89941c85-77f7-49ad-aca2-11a5e5688f41",
              "isHook": false,
              "skipped": false
            }
          ],
          "suites": [],
          "passes": [
            "403478a3-5666-420b-a2bc-b1f26e6a89b7",
            "5b980c4e-e11b-46fb-88b5-70881f1a7a22"
          ],
          "failures": [],
          "pending": [],
          "skipped": [],
          "duration": 635,
          "root": false,
          "rootEmpty": false,
          "_timeout": 2000
        }
      ],
      "passes": [],
      "failures": [],
      "pending": [],
      "skipped": [],
      "duration": 0,
      "root": true,
      "rootEmpty": true,
      "_timeout": 2000
    }
  ],
  "meta": {
    "mocha": {
      "version": "7.0.1"
    },
    "mochawesome": {
      "options": {
        "quiet": false,
        "reportFilename": "mochawesome",
        "saveHtml": true,
        "saveJson": true,
        "consoleReporter": "spec",
        "useInlineDiffs": false,
        "code": true
      },
      "version": "7.1.3"
    },
    "marge": {
      "options": {
        "reportDir": "cypress/reports/TestReport",
        "overwrite": false
      },
      "version": "6.2.0"
    }
  }
}