{
  "stats": {
    "suites": 1,
    "tests": 1,
    "passes": 1,
    "pending": 0,
    "failures": 0,
    "start": "2023-09-17T15:27:16.238Z",
    "end": "2023-09-17T15:27:19.333Z",
    "duration": 3095,
    "testsRegistered": 1,
    "passPercent": 100,
    "pendingPercent": 0,
    "other": 0,
    "hasOther": false,
    "skipped": 0,
    "hasSkipped": false
  },
  "results": [
    {
      "uuid": "0776ba21-9dfb-4042-8e78-dc56ce0f98ea",
      "title": "",
      "fullFile": "cypress\\e2e\\databaseTest.cy.js",
      "file": "cypress\\e2e\\databaseTest.cy.js",
      "beforeHooks": [],
      "afterHooks": [],
      "tests": [],
      "suites": [
        {
          "uuid": "28f42761-f586-4697-9c3f-3d90034d5f3c",
          "title": "Database Query",
          "fullFile": "",
          "file": "",
          "beforeHooks": [],
          "afterHooks": [],
          "tests": [
            {
              "title": "query for user smith93",
              "fullTitle": "Database Query query for user smith93",
              "timedOut": null,
              "duration": 2889,
              "state": "passed",
              "speed": "fast",
              "pass": true,
              "fail": false,
              "pending": false,
              "context": null,
              "code": "cy.task('queryDb', sqlquery).then(result => {\n  result.forEach((row, index) => {\n    cy.log(`Row ${index + 1}: ${JSON.stringify(row)}`);\n  });\n  //expect(result[0].first_name).to.equal('rogers');\n});",
              "err": {},
              "uuid": "988d2b43-bc12-4004-9323-596cff5c927c",
              "parentUUID": "28f42761-f586-4697-9c3f-3d90034d5f3c",
              "isHook": false,
              "skipped": false
            }
          ],
          "suites": [],
          "passes": [
            "988d2b43-bc12-4004-9323-596cff5c927c"
          ],
          "failures": [],
          "pending": [],
          "skipped": [],
          "duration": 2889,
          "root": false,
          "rootEmpty": false,
          "_timeout": 2000
        }
      ],
      "passes": [],
      "failures": [],
      "pending": [],
      "skipped": [],
      "duration": 0,
      "root": true,
      "rootEmpty": true,
      "_timeout": 2000
    }
  ],
  "meta": {
    "mocha": {
      "version": "7.0.1"
    },
    "mochawesome": {
      "options": {
        "quiet": false,
        "reportFilename": "mochawesome",
        "saveHtml": true,
        "saveJson": true,
        "consoleReporter": "spec",
        "useInlineDiffs": false,
        "code": true
      },
      "version": "7.1.3"
    },
    "marge": {
      "options": {
        "reportDir": "cypress/reports/TestReport",
        "overwrite": false
      },
      "version": "6.2.0"
    }
  }
}