{
  "stats": {
    "suites": 1,
    "tests": 1,
    "passes": 1,
    "pending": 0,
    "failures": 0,
    "start": "2023-09-14T14:46:24.447Z",
    "end": "2023-09-14T14:46:41.391Z",
    "duration": 16944,
    "testsRegistered": 1,
    "passPercent": 100,
    "pendingPercent": 0,
    "other": 0,
    "hasOther": false,
    "skipped": 0,
    "hasSkipped": false
  },
  "results": [
    {
      "uuid": "ea3a56c1-5b36-4d8c-9c29-531b1ecf9473",
      "title": "",
      "fullFile": "cypress\\e2e\\TestMonitor.cy.js",
      "file": "cypress\\e2e\\TestMonitor.cy.js",
      "beforeHooks": [],
      "afterHooks": [],
      "tests": [],
      "suites": [
        {
          "uuid": "8ae1a73c-269b-4de8-8158-a6c23ced8c86",
          "title": "Validate Data Displayed on MonitorPage",
          "fullFile": "",
          "file": "",
          "beforeHooks": [],
          "afterHooks": [],
          "tests": [
            {
              "title": "Validate Price and Monitor Name is correct",
              "fullTitle": "Validate Data Displayed on MonitorPage Validate Price and Monitor Name is correct",
              "timedOut": null,
              "duration": 12898,
              "state": "passed",
              "speed": "slow",
              "pass": true,
              "fail": false,
              "pending": false,
              "context": null,
              "code": "cy.fixture('monitor').then(data => {\n  const loginobj = new _Login.default();\n  loginobj.clickLogin();\n  loginobj.setUserName(data.UserName);\n  loginobj.setPassword(data.UserPassword);\n  cy.logger('application', \"Entered User Details-->Login Test\");\n  loginobj.clickLoginbtn();\n  loginobj.verifyLoginSuccessMsg(data.loginmsg);\n  cy.logger('application', \"Validated success Login Msg-->Login Test\");\n  const monitorobj = new _Monitor.default();\n  monitorobj.isMonitorDisplayed();\n  monitorobj.ValidateMonitor1(data.monitor1);\n  monitorobj.Validatemonitor1Price(data.m1Price);\n  monitorobj.ValidateMonitor2(data.monitor2);\n  monitorobj.Validatemonitor2Price(data.m2Price);\n  const loadTime = Date.now() - startTime;\n  cy.logger('performance', `TotalTime taken to ValidateMonitor's: ${loadTime}ms`);\n});",
              "err": {},
              "uuid": "29aa6384-d868-42d2-8039-1c878608f905",
              "parentUUID": "8ae1a73c-269b-4de8-8158-a6c23ced8c86",
              "isHook": false,
              "skipped": false
            }
          ],
          "suites": [],
          "passes": [
            "29aa6384-d868-42d2-8039-1c878608f905"
          ],
          "failures": [],
          "pending": [],
          "skipped": [],
          "duration": 12898,
          "root": false,
          "rootEmpty": false,
          "_timeout": 2000
        }
      ],
      "passes": [],
      "failures": [],
      "pending": [],
      "skipped": [],
      "duration": 0,
      "root": true,
      "rootEmpty": true,
      "_timeout": 2000
    }
  ],
  "meta": {
    "mocha": {
      "version": "7.0.1"
    },
    "mochawesome": {
      "options": {
        "quiet": false,
        "reportFilename": "mochawesome",
        "saveHtml": true,
        "saveJson": true,
        "consoleReporter": "spec",
        "useInlineDiffs": false,
        "code": true
      },
      "version": "7.1.3"
    },
    "marge": {
      "options": {
        "reportDir": "cypress/reports/TestReport",
        "overwrite": false
      },
      "version": "6.2.0"
    }
  }
}