{
  "stats": {
    "suites": 4,
    "tests": 6,
    "passes": 6,
    "pending": 0,
    "failures": 0,
    "start": "2023-09-14T14:50:29.285Z",
    "end": "2023-09-14T14:51:32.911Z",
    "duration": 63626,
    "testsRegistered": 6,
    "passPercent": 100,
    "pendingPercent": 0,
    "other": 0,
    "hasOther": false,
    "skipped": 0,
    "hasSkipped": false
  },
  "results": [
    {
      "uuid": "30f52708-0d8a-4b0c-90cf-77a8bba9ad71",
      "title": "",
      "fullFile": "cypress\\e2e\\uiTest.cy.js",
      "file": "cypress\\e2e\\uiTest.cy.js",
      "beforeHooks": [],
      "afterHooks": [],
      "tests": [],
      "suites": [
        {
          "uuid": "c2a48610-0481-49a4-a624-a2bb7ca08312",
          "title": "Validate User is Register",
          "fullFile": "",
          "file": "",
          "beforeHooks": [],
          "afterHooks": [],
          "tests": [
            {
              "title": "Verify User is able to login",
              "fullTitle": "Validate User is Register Verify User is able to login",
              "timedOut": null,
              "duration": 9529,
              "state": "passed",
              "speed": "medium",
              "pass": true,
              "fail": false,
              "pending": false,
              "context": null,
              "code": "cy.fixture('Testdata').then(registerUserdata => {\n  const loginobj = new _Login.default();\n  loginobj.clickLogin();\n  loginobj.setUserName(registerUserdata.UserName);\n  loginobj.setPassword(registerUserdata.UserPassword);\n  cy.logger('application', \"Entered User Details-->Login Test\");\n  loginobj.clickLoginbtn();\n  loginobj.verifyLoginSuccessMsg(registerUserdata.loginmsg);\n  cy.logger('application', \"Validated success Login Msg-->Login Test\");\n  const loadTime = Date.now() - startTime;\n  cy.logger('performance', `TotalTime taken to LoginUser: ${loadTime}ms`);\n});",
              "err": {},
              "uuid": "1b5c19ae-62e2-441e-a57d-7e2f1de071d4",
              "parentUUID": "c2a48610-0481-49a4-a624-a2bb7ca08312",
              "isHook": false,
              "skipped": false
            }
          ],
          "suites": [],
          "passes": [
            "1b5c19ae-62e2-441e-a57d-7e2f1de071d4"
          ],
          "failures": [],
          "pending": [],
          "skipped": [],
          "duration": 9529,
          "root": false,
          "rootEmpty": false,
          "_timeout": 2000
        },
        {
          "uuid": "e13f5a34-4f8b-4233-9571-6405cdeba541",
          "title": "Validate User is Register",
          "fullFile": "",
          "file": "",
          "beforeHooks": [],
          "afterHooks": [],
          "tests": [
            {
              "title": "Verify User is able to signup",
              "fullTitle": "Validate User is Register Verify User is able to signup",
              "timedOut": null,
              "duration": 2958,
              "state": "passed",
              "speed": "fast",
              "pass": true,
              "fail": false,
              "pending": false,
              "context": null,
              "code": "cy.fixture('Testdata').then(registerUserdata => {\n  const SignUpobj = new _SignUp.default();\n  SignUpobj.clickSignUp();\n  SignUpobj.setUserName(registerUserdata.UserName + Math.floor(Math.random() * 101));\n  SignUpobj.setPassword(registerUserdata.UserPassword);\n  cy.logger('application', 'Entered User details-->SignUp Test');\n  SignUpobj.clickSubmit();\n  SignUpobj.verifySuccessMsg(registerUserdata.expectedsignupMsg);\n  cy.logger('application', 'Verified User SignUp-->SignUp Test');\n  const loadTime = Date.now() - startTime;\n  cy.logger('performance', `TotalTime taken to registerUser: ${loadTime}ms`);\n});",
              "err": {},
              "uuid": "b06e678e-a457-49ca-b07a-73c8ac0d9284",
              "parentUUID": "e13f5a34-4f8b-4233-9571-6405cdeba541",
              "isHook": false,
              "skipped": false
            },
            {
              "title": "Verify User Exist message",
              "fullTitle": "Validate User is Register Verify User Exist message",
              "timedOut": null,
              "duration": 3182,
              "state": "passed",
              "speed": "fast",
              "pass": true,
              "fail": false,
              "pending": false,
              "context": null,
              "code": "cy.fixture('Testdata').then(registerUserdata => {\n  const SignUpobj = new _SignUp.default();\n  SignUpobj.clickSignUp();\n  SignUpobj.setUserName(registerUserdata.UserName);\n  SignUpobj.setPassword(registerUserdata.UserPassword);\n  SignUpobj.clickSubmit();\n  SignUpobj.verifyUserexist(registerUserdata.userExistMsg);\n  cy.logger('application', \"Verify User Exist message\");\n});",
              "err": {},
              "uuid": "64789c40-e0e0-499e-9ceb-01f131d9330a",
              "parentUUID": "e13f5a34-4f8b-4233-9571-6405cdeba541",
              "isHook": false,
              "skipped": false
            },
            {
              "title": "Verify Invalid Data message",
              "fullTitle": "Validate User is Register Verify Invalid Data message",
              "timedOut": null,
              "duration": 2430,
              "state": "passed",
              "speed": "fast",
              "pass": true,
              "fail": false,
              "pending": false,
              "context": null,
              "code": "cy.fixture('Testdata').then(registerUserdata => {\n  const SignUpobj = new _SignUp.default();\n  SignUpobj.clickSignUp();\n  SignUpobj.clickSubmit();\n  SignUpobj.verifyUserexist(registerUserdata.InvalidDataMsg);\n  cy.logger('application', \"Verify Invalid Data message\");\n});",
              "err": {},
              "uuid": "236a1b68-f5db-4eb2-a28a-0073c1e06af9",
              "parentUUID": "e13f5a34-4f8b-4233-9571-6405cdeba541",
              "isHook": false,
              "skipped": false
            }
          ],
          "suites": [],
          "passes": [
            "b06e678e-a457-49ca-b07a-73c8ac0d9284",
            "64789c40-e0e0-499e-9ceb-01f131d9330a",
            "236a1b68-f5db-4eb2-a28a-0073c1e06af9"
          ],
          "failures": [],
          "pending": [],
          "skipped": [],
          "duration": 8570,
          "root": false,
          "rootEmpty": false,
          "_timeout": 2000
        },
        {
          "uuid": "765a8ce4-e2fa-41bb-8480-a7c40529e5f0",
          "title": "Validate Data Displayed on MonitorPage",
          "fullFile": "",
          "file": "",
          "beforeHooks": [],
          "afterHooks": [],
          "tests": [
            {
              "title": "Validate Price and Monitor Name is correct",
              "fullTitle": "Validate Data Displayed on MonitorPage Validate Price and Monitor Name is correct",
              "timedOut": null,
              "duration": 10622,
              "state": "passed",
              "speed": "slow",
              "pass": true,
              "fail": false,
              "pending": false,
              "context": null,
              "code": "cy.fixture('monitor').then(data => {\n  const loginobj = new _Login.default();\n  loginobj.clickLogin();\n  loginobj.setUserName(data.UserName);\n  loginobj.setPassword(data.UserPassword);\n  cy.logger('application', \"Entered User Details-->Login Test\");\n  loginobj.clickLoginbtn();\n  loginobj.verifyLoginSuccessMsg(data.loginmsg);\n  cy.logger('application', \"Validated success Login Msg-->Login Test\");\n  const monitorobj = new _Monitor.default();\n  monitorobj.isMonitorDisplayed();\n  monitorobj.ValidateMonitor1(data.monitor1);\n  monitorobj.Validatemonitor1Price(data.m1Price);\n  monitorobj.ValidateMonitor2(data.monitor2);\n  monitorobj.Validatemonitor2Price(data.m2Price);\n  const loadTime = Date.now() - startTime;\n  cy.logger('performance', `TotalTime taken to ValidateMonitor's: ${loadTime}ms`);\n});",
              "err": {},
              "uuid": "a568941e-8c89-471c-9248-0be67fd21a94",
              "parentUUID": "765a8ce4-e2fa-41bb-8480-a7c40529e5f0",
              "isHook": false,
              "skipped": false
            }
          ],
          "suites": [],
          "passes": [
            "a568941e-8c89-471c-9248-0be67fd21a94"
          ],
          "failures": [],
          "pending": [],
          "skipped": [],
          "duration": 10622,
          "root": false,
          "rootEmpty": false,
          "_timeout": 2000
        },
        {
          "uuid": "89bc8188-68cf-4a67-ae8a-1c60ba3fdc00",
          "title": "Validate User is able to make Purchase",
          "fullFile": "",
          "file": "",
          "beforeHooks": [],
          "afterHooks": [],
          "tests": [
            {
              "title": "Validate Add Product",
              "fullTitle": "Validate User is able to make Purchase Validate Add Product",
              "timedOut": null,
              "duration": 27108,
              "state": "passed",
              "speed": "slow",
              "pass": true,
              "fail": false,
              "pending": false,
              "context": "{\n  \"title\": \"cypress-mochawesome-reporter-screenshots\",\n  \"value\": [\n    [\n      \"\\\\uiTest.cy.js\\\\Validate User is able to make Purchase -- Validate Add Product.png\",\n      \"\\\\uiTest.cy.js\\\\Validate User is able to make Purchase -- Validate Add Product (1).png\",\n      \"\\\\uiTest.cy.js\\\\OrderPurchased.png\"\n    ]\n  ]\n}",
              "code": "cy.viewport(1920, 1080);\ncy.fixture('product').then(data => {\n  const loginobj = new _Login.default();\n  loginobj.clickLogin();\n  loginobj.setUserName(data.UserName);\n  loginobj.setPassword(data.UserPassword);\n  cy.logger('application', \"Entered User Details-->Login Test\");\n  loginobj.clickLoginbtn();\n  loginobj.verifyLoginSuccessMsg(data.loginmsg);\n  cy.logger('application', \"Validated success Login Msg-->Login Test\");\n  const prdobj = new _AddProduct.default();\n  prdobj.addProduct();\n  prdobj.enterName(data.name);\n  prdobj.entercountry(data.Country);\n  prdobj.entercity(data.City);\n  prdobj.entercard(data.Creditcard);\n  prdobj.entermonth(data.Month);\n  prdobj.enteryear(data.Year);\n  prdobj.clickPurchase();\n  prdobj.validateOrder();\n  const loadTime = Date.now() - startTime;\n  cy.logger('performance', `TotalTime taken to Purchase Product: ${loadTime}ms`);\n});",
              "err": {},
              "uuid": "a4914728-1dc7-4a89-a1c2-e6450d1abffd",
              "parentUUID": "89bc8188-68cf-4a67-ae8a-1c60ba3fdc00",
              "isHook": false,
              "skipped": false
            }
          ],
          "suites": [],
          "passes": [
            "a4914728-1dc7-4a89-a1c2-e6450d1abffd"
          ],
          "failures": [],
          "pending": [],
          "skipped": [],
          "duration": 27108,
          "root": false,
          "rootEmpty": false,
          "_timeout": 2000
        }
      ],
      "passes": [],
      "failures": [],
      "pending": [],
      "skipped": [],
      "duration": 0,
      "root": true,
      "rootEmpty": true,
      "_timeout": 2000
    }
  ],
  "meta": {
    "mocha": {
      "version": "7.0.1"
    },
    "mochawesome": {
      "options": {
        "quiet": false,
        "reportFilename": "mochawesome",
        "saveHtml": true,
        "saveJson": true,
        "consoleReporter": "spec",
        "useInlineDiffs": false,
        "code": true
      },
      "version": "7.1.3"
    },
    "marge": {
      "options": {
        "reportDir": "cypress/reports/TestReport",
        "overwrite": false
      },
      "version": "6.2.0"
    }
  }
}