{
  "stats": {
    "suites": 1,
    "tests": 1,
    "passes": 1,
    "pending": 0,
    "failures": 0,
    "start": "2023-09-14T14:45:01.556Z",
    "end": "2023-09-14T14:45:33.046Z",
    "duration": 31490,
    "testsRegistered": 1,
    "passPercent": 100,
    "pendingPercent": 0,
    "other": 0,
    "hasOther": false,
    "skipped": 0,
    "hasSkipped": false
  },
  "results": [
    {
      "uuid": "6f249c5c-72a9-47bd-a03d-498a8999df76",
      "title": "",
      "fullFile": "cypress\\e2e\\TestAddProduct.cy.js",
      "file": "cypress\\e2e\\TestAddProduct.cy.js",
      "beforeHooks": [],
      "afterHooks": [],
      "tests": [],
      "suites": [
        {
          "uuid": "ec8e5c59-2354-429b-80a0-ed6f995a6f5a",
          "title": "Validate User is able to make Purchase",
          "fullFile": "",
          "file": "",
          "beforeHooks": [],
          "afterHooks": [],
          "tests": [
            {
              "title": "Validate Add Product",
              "fullTitle": "Validate User is able to make Purchase Validate Add Product",
              "timedOut": null,
              "duration": 26223,
              "state": "passed",
              "speed": "slow",
              "pass": true,
              "fail": false,
              "pending": false,
              "context": "{\n  \"title\": \"cypress-mochawesome-reporter-screenshots\",\n  \"value\": [\n    [\n      \"\\\\TestAddProduct.cy.js\\\\Validate User is able to make Purchase -- Validate Add Product.png\",\n      \"\\\\TestAddProduct.cy.js\\\\Validate User is able to make Purchase -- Validate Add Product (1).png\",\n      \"\\\\TestAddProduct.cy.js\\\\OrderPurchased.png\"\n    ]\n  ]\n}",
              "code": "cy.viewport(1920, 1080);\ncy.fixture('product').then(data => {\n  const loginobj = new _Login.default();\n  loginobj.clickLogin();\n  loginobj.setUserName(data.UserName);\n  loginobj.setPassword(data.UserPassword);\n  cy.logger('application', \"Entered User Details-->Login Test\");\n  loginobj.clickLoginbtn();\n  loginobj.verifyLoginSuccessMsg(data.loginmsg);\n  cy.logger('application', \"Validated success Login Msg-->Login Test\");\n  const prdobj = new _AddProduct.default();\n  prdobj.addProduct();\n  prdobj.enterName(data.name);\n  prdobj.entercountry(data.Country);\n  prdobj.entercity(data.City);\n  prdobj.entercard(data.Creditcard);\n  prdobj.entermonth(data.Month);\n  prdobj.enteryear(data.Year);\n  prdobj.clickPurchase();\n  prdobj.validateOrder();\n  const loadTime = Date.now() - startTime;\n  cy.logger('performance', `TotalTime taken to Purchase Product: ${loadTime}ms`);\n});",
              "err": {},
              "uuid": "ae5ba4e3-5f33-4691-b634-489e591d94c0",
              "parentUUID": "ec8e5c59-2354-429b-80a0-ed6f995a6f5a",
              "isHook": false,
              "skipped": false
            }
          ],
          "suites": [],
          "passes": [
            "ae5ba4e3-5f33-4691-b634-489e591d94c0"
          ],
          "failures": [],
          "pending": [],
          "skipped": [],
          "duration": 26223,
          "root": false,
          "rootEmpty": false,
          "_timeout": 2000
        }
      ],
      "passes": [],
      "failures": [],
      "pending": [],
      "skipped": [],
      "duration": 0,
      "root": true,
      "rootEmpty": true,
      "_timeout": 2000
    }
  ],
  "meta": {
    "mocha": {
      "version": "7.0.1"
    },
    "mochawesome": {
      "options": {
        "quiet": false,
        "reportFilename": "mochawesome",
        "saveHtml": true,
        "saveJson": true,
        "consoleReporter": "spec",
        "useInlineDiffs": false,
        "code": true
      },
      "version": "7.1.3"
    },
    "marge": {
      "options": {
        "reportDir": "cypress/reports/TestReport",
        "overwrite": false
      },
      "version": "6.2.0"
    }
  }
}